


ARM Macro Assembler    Page 1 


    1 00000000         
    2 00000000         
    3 00000000 422101A0 
                       LED0    EQU              0x422101a0
    4 00000000 40021000 
                       RCC     EQU              0x40021000
    5 00000000 40021018 
                       RCC_APB2ENR
                               EQU              (RCC+0x18)  ;0x40021018
    6 00000000 40011000 
                       GPIOC   EQU              0x40011000
    7 00000000 40011004 
                       GPIOC_CRH
                               EQU              (GPIOC+0x04)
    8 00000000 40011014 
                       GPIOC_BRR
                               EQU              (GPIOC+0x14) ;¸´Î»0
    9 00000000 40011010 
                       GPIOC_BSRR
                               EQU              (GPIOC+0x10) ;ÖÃÎ»1
   10 00000000         
   11 00000000         
   12 00000000 00000064 
                       Stack_Size
                               EQU              0x64
   13 00000000         
   14 00000000                 AREA             STACK, NOINIT, READWRITE, ALIGN
=3
   15 00000000         Stack_Mem
                               SPACE            Stack_Size
   16 00000064         __initial_sp
   17 00000064         
   18 00000064         
   19 00000064         
   20 00000064         
   21 00000064         
   22 00000064         
   23 00000064         
   24 00000064                 AREA             RESET, DATA, READONLY
   25 00000000         
   26 00000000 00000000 
                       __Vectors
                               DCD              __initial_sp ; Top of Stack
   27 00000004 00000000        DCD              Reset_Handler ; Reset Handler
   28 00000008         
   29 00000008         
   30 00000008                 AREA             |.text|, CODE, READONLY
   31 00000000         
   32 00000000                 THUMB
   33 00000000                 REQUIRE8
   34 00000000                 PRESERVE8
   35 00000000         
   36 00000000                 ENTRY
   37 00000000         Reset_Handler
   38 00000000 F000 F809       BL               LEDC13_Init
   39 00000004 F000 F813 
                       MainLoop
                               BL               LED_ON
   40 00000008 F000 F823       BL               Delay



ARM Macro Assembler    Page 2 


   41 0000000C F000 F818       BL               LED_OFF
   42 00000010 F000 F81F       BL               Delay
   43 00000014         
   44 00000014 E7F6            B                MainLoop
   45 00000016         
   46 00000016         
   47 00000016         
   48 00000016         LEDC13_Init
   49 00000016 B503            PUSH             {R0,R1, LR}
   50 00000018         
   51 00000018 4917            LDR              R1,=RCC_APB2ENR ;È¡¼Ä´æÆ÷µØÖ·
   52 0000001A 6808            LDR              R0,[R1]     ;¶ÁÈ¡Òª²Ù×÷µÄ¼Ä´æÆ÷
                                                            £¨ÄÚ´æ£©Êý¾Ýµ½¼Ä´æÆ
                                                            ÷R0
   53 0000001C F040 0010       ORR              R0,R0,#0x10
   54 00000020 6008            STR              R0,[R1]     ;½«r0¼Ä´æÆ÷µÄÖµ£¬´«
                                                            ËÍµ½µØÖ·ÖµÎªr1µÄ£¨´
                                                            æ´¢Æ÷£©ÄÚ´æÖÐ
   55 00000022         
   56 00000022         
   57 00000022         
   58 00000022 4916            LDR              R1,=GPIOC_CRH
   59 00000024 6808            LDR              R0,[R1]
   60 00000026 F440 1040       ORR              R0,R0,#0x300000
   61 0000002A 6008            STR              R0,[R1]
   62 0000002C         
   63 0000002C BD03            POP              {R0,R1,PC}
   64 0000002E         
   65 0000002E         
   66 0000002E         LED_ON
   67 0000002E B503            PUSH             {R0,R1, LR}
   68 00000030         
   69 00000030 4913            LDR              R1,=GPIOC_BSRR
   70 00000032 6808            LDR              R0,[R1]     ;¶ÁÈ¡Òª²Ù×÷µÄ¼Ä´æÆ÷
                                                            £¨ÄÚ´æ£©Êý¾Ýµ½¼Ä´æÆ
                                                            ÷R0
   71 00000034 F040 5000       ORR              R0,R0,#0x20000000
   72 00000038 F420 5000       AND              R0,R0,#0xFFFFDFFF
   73 0000003C         
   74 0000003C         
   75 0000003C 6008            STR              R0,[R1]     ;½«r0¼Ä´æÆ÷µÄÖµ£¬´«
                                                            ËÍµ½µØÖ·ÖµÎªr1µÄ£¨´
                                                            æ´¢Æ÷£©ÄÚ´æÖÐ
   76 0000003E         
   77 0000003E BD03            POP              {R0,R1,PC}
   78 00000040         
   79 00000040         LED_OFF
   80 00000040 B503            PUSH             {R0,R1, LR}
   81 00000042         
   82 00000042 490F            LDR              R1,=GPIOC_BSRR
   83 00000044 6808            LDR              R0,[R1]     ;¶ÁÈ¡Òª²Ù×÷µÄ¼Ä´æÆ÷
                                                            £¨ÄÚ´æ£©Êý¾Ýµ½¼Ä´æÆ
                                                            ÷R0
   84 00000046 F440 5000       ORR              R0,R0,#0x2000
   85 0000004A F020 5000       AND              R0,R0,#0xDFFFFFFF
   86 0000004E         
   87 0000004E         
   88 0000004E 6008            STR              R0,[R1]     ;½«r0¼Ä´æÆ÷µÄÖµ£¬´«
                                                            ËÍµ½µØÖ·ÖµÎªr1µÄ£¨´



ARM Macro Assembler    Page 3 


                                                            æ´¢Æ÷£©ÄÚ´æÖÐ
   89 00000050         
   90 00000050 BD03            POP              {R0,R1,PC}
   91 00000052         
   92 00000052         Delay
   93 00000052 B503            PUSH             {R0,R1, LR}
   94 00000054         
   95 00000054 2000            MOVS             R0,#0
   96 00000056 2100            MOVS             R1,#0
   97 00000058 2200            MOVS             R2,#0
   98 0000005A         
   99 0000005A         DelayLoop0
  100 0000005A 1C40            ADDS             R0,R0,#1
  101 0000005C         
  102 0000005C F5B0 7FA5       CMP              R0,#330
  103 00000060 D3FB            BCC              DelayLoop0
  104 00000062         
  105 00000062 2000            MOVS             R0,#0
  106 00000064 1C49            ADDS             R1,R1,#1
  107 00000066 F5B1 7FA5       CMP              R1,#330
  108 0000006A D3F6            BCC              DelayLoop0
  109 0000006C         
  110 0000006C 2000            MOVS             R0,#0
  111 0000006E 2100            MOVS             R1,#0
  112 00000070 1C52            ADDS             R2,R2,#1
  113 00000072 2A0F            CMP              R2,#15
  114 00000074 D3F1            BCC              DelayLoop0
  115 00000076         
  116 00000076         
  117 00000076 BD03            POP              {R0,R1,PC}
  118 00000078         
  119 00000078         ;         NOP
  120 00000078         
  121 00000078         
  122 00000078         
  123 00000078                 END
              40021018 
              40011004 
              40011010 
Command Line: --debug --xref --diag_suppress=9931 --cpu=Cortex-M3 --apcs=interw
ork --depend=.\objects\main.d -o.\objects\main.o -IC:\Keil_v5\KeilPack\Local\Ar
m\Packs\Keil\STM32F1xx_DFP\2.3.0\Device\Include --predefine="__UVISION_VERSION 
SETA 534" --predefine="STM32F10X_MD SETA 1" --list=.\listings\main.lst Src\main
.s



ARM Macro Assembler    Page 1 Alphabetic symbol ordering
Relocatable symbols

STACK 00000000

Symbol: STACK
   Definitions
      At line 14 in file Src\main.s
   Uses
      None
Comment: STACK unused
Stack_Mem 00000000

Symbol: Stack_Mem
   Definitions
      At line 15 in file Src\main.s
   Uses
      None
Comment: Stack_Mem unused
__initial_sp 00000064

Symbol: __initial_sp
   Definitions
      At line 16 in file Src\main.s
   Uses
      At line 26 in file Src\main.s
Comment: __initial_sp used once
3 symbols



ARM Macro Assembler    Page 1 Alphabetic symbol ordering
Relocatable symbols

RESET 00000000

Symbol: RESET
   Definitions
      At line 24 in file Src\main.s
   Uses
      None
Comment: RESET unused
__Vectors 00000000

Symbol: __Vectors
   Definitions
      At line 26 in file Src\main.s
   Uses
      None
Comment: __Vectors unused
2 symbols



ARM Macro Assembler    Page 1 Alphabetic symbol ordering
Relocatable symbols

.text 00000000

Symbol: .text
   Definitions
      At line 30 in file Src\main.s
   Uses
      None
Comment: .text unused
Delay 00000052

Symbol: Delay
   Definitions
      At line 92 in file Src\main.s
   Uses
      At line 40 in file Src\main.s
      At line 42 in file Src\main.s

DelayLoop0 0000005A

Symbol: DelayLoop0
   Definitions
      At line 99 in file Src\main.s
   Uses
      At line 103 in file Src\main.s
      At line 108 in file Src\main.s
      At line 114 in file Src\main.s

LEDC13_Init 00000016

Symbol: LEDC13_Init
   Definitions
      At line 48 in file Src\main.s
   Uses
      At line 38 in file Src\main.s
Comment: LEDC13_Init used once
LED_OFF 00000040

Symbol: LED_OFF
   Definitions
      At line 79 in file Src\main.s
   Uses
      At line 41 in file Src\main.s
Comment: LED_OFF used once
LED_ON 0000002E

Symbol: LED_ON
   Definitions
      At line 66 in file Src\main.s
   Uses
      At line 39 in file Src\main.s
Comment: LED_ON used once
MainLoop 00000004

Symbol: MainLoop
   Definitions
      At line 39 in file Src\main.s
   Uses
      At line 44 in file Src\main.s
Comment: MainLoop used once



ARM Macro Assembler    Page 2 Alphabetic symbol ordering
Relocatable symbols

Reset_Handler 00000000

Symbol: Reset_Handler
   Definitions
      At line 37 in file Src\main.s
   Uses
      At line 27 in file Src\main.s
Comment: Reset_Handler used once
8 symbols



ARM Macro Assembler    Page 1 Alphabetic symbol ordering
Absolute symbols

GPIOC 40011000

Symbol: GPIOC
   Definitions
      At line 6 in file Src\main.s
   Uses
      At line 7 in file Src\main.s
      At line 8 in file Src\main.s
      At line 9 in file Src\main.s

GPIOC_BRR 40011014

Symbol: GPIOC_BRR
   Definitions
      At line 8 in file Src\main.s
   Uses
      None
Comment: GPIOC_BRR unused
GPIOC_BSRR 40011010

Symbol: GPIOC_BSRR
   Definitions
      At line 9 in file Src\main.s
   Uses
      At line 69 in file Src\main.s
      At line 82 in file Src\main.s

GPIOC_CRH 40011004

Symbol: GPIOC_CRH
   Definitions
      At line 7 in file Src\main.s
   Uses
      At line 58 in file Src\main.s
Comment: GPIOC_CRH used once
LED0 422101A0

Symbol: LED0
   Definitions
      At line 3 in file Src\main.s
   Uses
      None
Comment: LED0 unused
RCC 40021000

Symbol: RCC
   Definitions
      At line 4 in file Src\main.s
   Uses
      At line 5 in file Src\main.s
Comment: RCC used once
RCC_APB2ENR 40021018

Symbol: RCC_APB2ENR
   Definitions
      At line 5 in file Src\main.s
   Uses
      At line 51 in file Src\main.s
Comment: RCC_APB2ENR used once



ARM Macro Assembler    Page 2 Alphabetic symbol ordering
Absolute symbols

Stack_Size 00000064

Symbol: Stack_Size
   Definitions
      At line 12 in file Src\main.s
   Uses
      At line 15 in file Src\main.s
Comment: Stack_Size used once
8 symbols
355 symbols in table
